<?xml version="1.0" encoding="UTF-8"?>
<!-- Generated by org.testng.reporters.JUnitReportReporter -->
<testsuite hostname="DESKTOP-VEVOK9K" failures="0" tests="1" name="Test_Cases.TestCase_22" time="10.662" errors="0" timestamp="2024-12-20T06:40:09 SGT" skipped="0">
  <testcase classname="Test_Cases.TestCase_22" name="Add_to_cart_from_Recommended_items" time="10.662"/>
  <system-out/>
</testsuite> <!-- Test_Cases.TestCase_22 -->
