<?xml version="1.0" encoding="UTF-8"?>
<!-- Generated by org.testng.reporters.JUnitReportReporter -->
<testsuite hostname="DESKTOP-VEVOK9K" failures="0" tests="1" name="Test_Cases.TestCase_01" time="18.972" errors="0" timestamp="2024-12-19T04:32:52 SGT" skipped="0">
  <testcase classname="Test_Cases.TestCase_01" name="Register_User" time="18.972"/>
</testsuite> <!-- Test_Cases.TestCase_01 -->
