<?xml version="1.0" encoding="UTF-8"?>
<!-- Generated by org.testng.reporters.JUnitReportReporter -->
<testsuite hostname="DESKTOP-VEVOK9K" failures="0" tests="1" name="Test_Cases.TestCase_02" time="5.659" errors="0" timestamp="2024-12-20T02:18:28 SGT" skipped="0">
  <testcase classname="Test_Cases.TestCase_02" name="Login_User_with_correct_email_and_password" time="5.659"/>
  <system-out/>
</testsuite> <!-- Test_Cases.TestCase_02 -->
