<?xml version="1.0" encoding="UTF-8"?>
<!-- Generated by org.testng.reporters.JUnitReportReporter -->
<testsuite hostname="DESKTOP-VEVOK9K" failures="0" tests="1" name="Test_Cases.TestCase_10" time="3.514" errors="0" timestamp="2024-12-19T06:18:02 SGT" skipped="0">
  <testcase classname="Test_Cases.TestCase_10" name="Verify_Subscription" time="3.514"/>
</testsuite> <!-- Test_Cases.TestCase_10 -->
