<?xml version="1.0" encoding="UTF-8"?>
<!-- Generated by org.testng.reporters.JUnitReportReporter -->
<testsuite hostname="DESKTOP-VEVOK9K" failures="0" tests="1" name="Test_Cases.TestCase_04" time="7.601" errors="0" timestamp="2024-12-19T04:34:35 SGT" skipped="0">
  <testcase classname="Test_Cases.TestCase_04" name="Logout_User" time="7.601"/>
</testsuite> <!-- Test_Cases.TestCase_04 -->
