<?xml version="1.0" encoding="UTF-8"?>
<!-- Generated by org.testng.reporters.JUnitReportReporter -->
<testsuite hostname="DESKTOP-VEVOK9K" failures="0" tests="1" name="Test_Cases.TestCase_19" time="6.350" errors="0" timestamp="2024-12-20T05:36:51 SGT" skipped="0">
  <testcase classname="Test_Cases.TestCase_19" name="View_Cart_Brand_Products" time="6.350"/>
  <system-out/>
</testsuite> <!-- Test_Cases.TestCase_19 -->
