<?xml version="1.0" encoding="UTF-8"?>
<!-- Generated by org.testng.reporters.JUnitReportReporter -->
<testsuite hostname="DESKTOP-VEVOK9K" failures="0" tests="1" name="Test_Cases.TestCase_08" time="5.201" errors="0" timestamp="2024-12-19T05:30:15 SGT" skipped="0">
  <testcase classname="Test_Cases.TestCase_08" name="Verify_All_Products_Details_Page" time="5.201"/>
</testsuite> <!-- Test_Cases.TestCase_08 -->
