<?xml version="1.0" encoding="UTF-8"?>
<!-- Generated by org.testng.reporters.JUnitReportReporter -->
<testsuite hostname="DESKTOP-VEVOK9K" failures="0" tests="1" name="Test_Cases.TestCase_03" time="5.538" errors="0" timestamp="2024-12-19T04:34:01 SGT" skipped="0">
  <testcase classname="Test_Cases.TestCase_03" name="Login_User_with_incorrect_email_and_password" time="5.538"/>
</testsuite> <!-- Test_Cases.TestCase_03 -->
