<?xml version="1.0" encoding="UTF-8"?>
<!-- Generated by org.testng.reporters.JUnitReportReporter -->
<testsuite hostname="DESKTOP-VEVOK9K" failures="0" tests="1" name="Test_Cases.TestCase_12" time="7.289" errors="0" timestamp="2024-12-19T06:44:20 SGT" skipped="0">
  <testcase classname="Test_Cases.TestCase_12" name="Add_Products_Cart" time="7.289"/>
</testsuite> <!-- Test_Cases.TestCase_12 -->
