<?xml version="1.0" encoding="UTF-8"?>
<!-- Generated by org.testng.reporters.JUnitReportReporter -->
<testsuite hostname="DESKTOP-VEVOK9K" failures="0" tests="1" name="Test_Cases.TestCase_15" time="29.734" errors="0" timestamp="2024-12-20T03:28:57 SGT" skipped="0">
  <testcase classname="Test_Cases.TestCase_15" name="Register_before_Checkout" time="29.734"/>
  <system-out/>
</testsuite> <!-- Test_Cases.TestCase_15 -->
