<?xml version="1.0" encoding="UTF-8"?>
<!-- Generated by org.testng.reporters.JUnitReportReporter -->
<testsuite hostname="DESKTOP-VEVOK9K" failures="0" tests="1" name="Test_Cases.TestCase_02" time="6.064" errors="0" timestamp="2024-12-19T04:33:43 SGT" skipped="0">
  <testcase classname="Test_Cases.TestCase_02" name="Login_User_with_correct_email_and_password" time="6.064"/>
</testsuite> <!-- Test_Cases.TestCase_02 -->
