<?xml version="1.0" encoding="UTF-8"?>
<!-- Generated by org.testng.reporters.JUnitReportReporter -->
<testsuite hostname="DESKTOP-VEVOK9K" failures="0" tests="1" name="Test_Cases.TestCase_20" time="13.782" errors="0" timestamp="2024-12-20T05:59:36 SGT" skipped="0">
  <testcase classname="Test_Cases.TestCase_20" name="Search_Products_and_Verify_Cart_After_Login" time="13.782"/>
  <system-out/>
</testsuite> <!-- Test_Cases.TestCase_20 -->
