<?xml version="1.0" encoding="UTF-8"?>
<!-- Generated by org.testng.reporters.JUnitReportReporter -->
<testsuite hostname="DESKTOP-VEVOK9K" failures="0" tests="1" name="Test_Cases.TestCase_24" time="29.684" errors="0" timestamp="2024-12-20T07:11:55 SGT" skipped="0">
  <testcase classname="Test_Cases.TestCase_24" name="Download_Invoice_after_purchase_order" time="29.684"/>
  <system-out/>
</testsuite> <!-- Test_Cases.TestCase_24 -->
