<?xml version="1.0" encoding="UTF-8"?>
<!-- Generated by org.testng.reporters.JUnitReportReporter -->
<testsuite hostname="DESKTOP-VEVOK9K" failures="0" tests="1" name="Test_Cases.TestCase_16" time="14.330" errors="0" timestamp="2024-12-20T03:40:45 SGT" skipped="0">
  <testcase classname="Test_Cases.TestCase_16" name="Login_before_Checkout" time="14.330"/>
  <system-out/>
</testsuite> <!-- Test_Cases.TestCase_16 -->
