<?xml version="1.0" encoding="UTF-8"?>
<!-- Generated by org.testng.reporters.JUnitReportReporter -->
<testsuite hostname="DESKTOP-VEVOK9K" failures="0" tests="1" name="Test_Cases.TestCase_09" time="6.149" errors="0" timestamp="2024-12-19T06:11:34 SGT" skipped="0">
  <testcase classname="Test_Cases.TestCase_09" name="Search_Product" time="6.149"/>
</testsuite> <!-- Test_Cases.TestCase_09 -->
