<?xml version="1.0" encoding="UTF-8"?>
<!-- Generated by org.testng.reporters.JUnitReportReporter -->
<testsuite hostname="DESKTOP-VEVOK9K" failures="0" tests="1" name="Test_Cases.TestCase_06" time="4.713" errors="0" timestamp="2024-12-19T04:57:49 SGT" skipped="0">
  <testcase classname="Test_Cases.TestCase_06" name="Cotanc_Us_From" time="4.713"/>
</testsuite> <!-- Test_Cases.TestCase_06 -->
