<?xml version="1.0" encoding="UTF-8"?>
<!-- Generated by org.testng.reporters.JUnitReportReporter -->
<testsuite hostname="DESKTOP-VEVOK9K" failures="0" tests="1" name="Test_Cases.TestCase_05" time="5.652" errors="0" timestamp="2024-12-19T04:37:05 SGT" skipped="0">
  <testcase classname="Test_Cases.TestCase_05" name="TestCase05" time="5.652"/>
</testsuite> <!-- Test_Cases.TestCase_05 -->
