<?xml version="1.0" encoding="UTF-8"?>
<!-- Generated by org.testng.reporters.JUnitReportReporter -->
<testsuite hostname="DESKTOP-VEVOK9K" failures="0" tests="1" name="Test_Cases.TestCase_21" time="5.921" errors="0" timestamp="2024-12-20T06:20:19 SGT" skipped="0">
  <testcase classname="Test_Cases.TestCase_21" name="Add_review_on_product" time="5.921"/>
  <system-out/>
</testsuite> <!-- Test_Cases.TestCase_21 -->
