<?xml version="1.0" encoding="UTF-8"?>
<!-- Generated by org.testng.reporters.JUnitReportReporter -->
<testsuite hostname="DESKTOP-VEVOK9K" failures="0" tests="1" name="Test_Cases.TestCase_17" time="6.342" errors="0" timestamp="2024-12-20T05:27:18 SGT" skipped="0">
  <testcase classname="Test_Cases.TestCase_17" name="Remove_Products_From_Cart" time="6.342"/>
  <system-out/>
</testsuite> <!-- Test_Cases.TestCase_17 -->
