<?xml version="1.0" encoding="UTF-8"?>
<!-- Generated by org.testng.reporters.JUnitReportReporter -->
<testsuite hostname="DESKTOP-VEVOK9K" failures="0" tests="1" name="Test_Cases.TestCase_18" time="6.142" errors="0" timestamp="2024-12-20T05:27:37 SGT" skipped="0">
  <testcase classname="Test_Cases.TestCase_18" name="View_Category_Products" time="6.142"/>
  <system-out/>
</testsuite> <!-- Test_Cases.TestCase_18 -->
