<?xml version="1.0" encoding="UTF-8"?>
<!-- Generated by org.testng.reporters.JUnitReportReporter -->
<testsuite hostname="DESKTOP-VEVOK9K" failures="0" tests="1" name="ui_Test.TestCase_01" time="3.838" errors="0" timestamp="2025-01-07T03:40:49 SGT" skipped="0">
  <testcase classname="ui_Test.TestCase_01" name="Login" time="3.838"/>
  <system-out/>
</testsuite> <!-- ui_Test.TestCase_01 -->
