<?xml version="1.0" encoding="UTF-8"?>
<!-- Generated by org.testng.reporters.JUnitReportReporter -->
<testsuite hostname="DESKTOP-VEVOK9K" failures="0" tests="1" name="testScenarios.TestCase_01" time="2.153" errors="0" timestamp="2024-12-18T01:06:04 SGT" skipped="0">
  <testcase classname="testScenarios.TestCase_01" name="signIn" time="2.153"/>
  <system-out/>
</testsuite> <!-- testScenarios.TestCase_01 -->
