<?xml version="1.0" encoding="UTF-8"?>
<!-- Generated by org.testng.reporters.JUnitReportReporter -->
<testsuite hostname="DESKTOP-VEVOK9K" failures="0" tests="1" name="testScenarios.TestCase" time="2.599" errors="0" timestamp="2024-12-18T01:31:00 SGT" skipped="0">
  <testcase classname="testScenarios.TestCase" name="signIn" time="2.599"/>
  <system-out/>
</testsuite> <!-- testScenarios.TestCase -->
