<?xml version="1.0" encoding="UTF-8"?>
<!-- Generated by org.testng.reporters.JUnitReportReporter -->
<testsuite hostname="DESKTOP-VEVOK9K" failures="0" tests="4" name="Test_Cases.Test_01_Login" time="28.369" errors="0" timestamp="2024-12-20T09:31:24 SGT" skipped="2">
  <testcase classname="Test_Cases.Test_01_Login" name="validateCart" time="3.042"/>
  <system-out/>
  <testcase classname="Test_Cases.Test_01_Login" name="allItems" time="25.327"/>
  <system-out/>
  <testcase classname="Test_Cases.Test_01_Login" name="addItems">
    <skipped/>
  </testcase> <!-- addItems -->
  <system-out/>
  <testcase classname="Test_Cases.Test_01_Login" name="validateLogin">
    <skipped/>
  </testcase> <!-- validateLogin -->
  <system-out/>
</testsuite> <!-- Test_Cases.Test_01_Login -->
