<?xml version="1.0" encoding="UTF-8"?>
<!-- Generated by org.testng.reporters.JUnitReportReporter -->
<testsuite hostname="DESKTOP-VEVOK9K" failures="0" tests="5" name="Test_Cases.Smoke_Test" time="25.072" errors="0" timestamp="2024-12-20T11:06:21 SGT" skipped="4">
  <testcase classname="Test_Cases.Smoke_Test" name="checkOut" time="25.072"/>
  <system-out/>
  <testcase classname="Test_Cases.Smoke_Test" name="allItems">
    <skipped/>
  </testcase> <!-- allItems -->
  <system-out/>
  <testcase classname="Test_Cases.Smoke_Test" name="validateLogin">
    <skipped/>
  </testcase> <!-- validateLogin -->
  <system-out/>
  <testcase classname="Test_Cases.Smoke_Test" name="addItems">
    <skipped/>
  </testcase> <!-- addItems -->
  <system-out/>
  <testcase classname="Test_Cases.Smoke_Test" name="validateCart">
    <skipped/>
  </testcase> <!-- validateCart -->
  <system-out/>
</testsuite> <!-- Test_Cases.Smoke_Test -->
