<?xml version="1.0" encoding="UTF-8"?>
<!-- Generated by org.testng.reporters.JUnitReportReporter -->
<testsuite hostname="DESKTOP-VEVOK9K" failures="0" tests="1" name="Test_Cases.Test_01_Login" time="23.389" errors="0" timestamp="2024-12-18T03:56:52 SGT" skipped="0">
  <testcase classname="Test_Cases.Test_01_Login" name="validateLogin" time="23.389"/>
  <system-out/>
</testsuite> <!-- Test_Cases.Test_01_Login -->
