<?xml version="1.0" encoding="UTF-8"?>
<!-- Generated by org.testng.reporters.JUnitReportReporter -->
<testsuite hostname="DESKTOP-VEVOK9K" failures="0" tests="4" name="Test_Cases.testing_beforemethod" time="0.006" errors="0" timestamp="2024-12-20T08:22:05 SGT" skipped="0">
  <testcase classname="Test_Cases.testing_beforemethod" name="test1" time="0.004"/>
  <system-out/>
  <testcase classname="Test_Cases.testing_beforemethod" name="test2" time="0.000"/>
  <system-out/>
  <testcase classname="Test_Cases.testing_beforemethod" name="test3" time="0.001"/>
  <system-out/>
  <testcase classname="Test_Cases.testing_beforemethod" name="test4" time="0.001"/>
  <system-out/>
</testsuite> <!-- Test_Cases.testing_beforemethod -->
