<?xml version="1.0" encoding="UTF-8"?>
<!-- Generated by org.testng.reporters.JUnitReportReporter -->
<testsuite hostname="DESKTOP-VEVOK9K" failures="0" tests="6" name="Test_Cases.Smoke_Test" time="55.160" errors="0" timestamp="2024-12-20T12:04:51 SGT" skipped="0">
  <testcase classname="Test_Cases.Smoke_Test" name="validateLogin" time="1.484"/>
  <system-out/>
  <testcase classname="Test_Cases.Smoke_Test" name="addItems" time="22.658"/>
  <system-out/>
  <testcase classname="Test_Cases.Smoke_Test" name="validateCart" time="1.770"/>
  <system-out/>
  <testcase classname="Test_Cases.Smoke_Test" name="allItems" time="1.871"/>
  <system-out/>
  <testcase classname="Test_Cases.Smoke_Test" name="checkOut" time="24.252"/>
  <system-out/>
  <testcase classname="Test_Cases.Smoke_Test" name="cancelOrder" time="3.125"/>
  <system-out/>
</testsuite> <!-- Test_Cases.Smoke_Test -->
